[0908/162202.733:ERROR:process_memory_win.cc(73)] ReadMemory at 0x124ab44f630 of 72 bytes failed: 仅完成部分的 ReadProcessMemory 或 WriteProcessMemory 请求。 (0x12B)
[0908/162202.736:WARNING:pe_image_annotations_reader.cc(135)] could not read annotations list object in C:\Program Files (x86)\Google\Chrome\Application\85.0.4183.83\chrome.dll
[0908/162202.738:ERROR:process_memory_win.cc(73)] ReadMemory at 0x124ab610000 of 64 bytes failed: 仅完成部分的 ReadProcessMemory 或 WriteProcessMemory 请求。 (0x12B)
[0908/162202.738:WARNING:pe_image_reader.cc(340)] could not read dos header from C:\Windows\System32\IMM32.DLL
[0908/162202.738:ERROR:process_memory_win.cc(73)] ReadMemory at 0x124ab610000 of 64 bytes failed: 仅完成部分的 ReadProcessMemory 或 WriteProcessMemory 请求。 (0x12B)
[0908/162202.738:WARNING:pe_image_reader.cc(340)] could not read dos header from C:\Windows\System32\IMM32.DLL
[0908/162202.738:ERROR:process_memory_win.cc(73)] ReadMemory at 0x124ace00000 of 64 bytes failed: 仅完成部分的 ReadProcessMemory 或 WriteProcessMemory 请求。 (0x12B)
[0908/162202.739:WARNING:pe_image_reader.cc(340)] could not read dos header from C:\Windows\System32\shlwapi.dll
[0908/162202.739:ERROR:process_memory_win.cc(73)] ReadMemory at 0x124ace00000 of 64 bytes failed: 仅完成部分的 ReadProcessMemory 或 WriteProcessMemory 请求。 (0x12B)
[0908/162202.739:WARNING:pe_image_reader.cc(340)] could not read dos header from C:\Windows\System32\shlwapi.dll
[0908/162202.940:ERROR:process_memory_win.cc(73)] ReadMemory at 0x7ff7e74e0000 of 64 bytes failed: 仅完成部分的 ReadProcessMemory 或 WriteProcessMemory 请求。 (0x12B)
[0908/162202.940:WARNING:pe_image_reader.cc(340)] could not read dos header from C:\Program Files (x86)\Google\Chrome\Application\chrome.exe
[0908/162202.940:ERROR:process_memory_win.cc(73)] ReadMemory at 0x7ffb60110000 of 64 bytes failed: 仅完成部分的 ReadProcessMemory 或 WriteProcessMemory 请求。 (0x12B)
[0908/162202.940:WARNING:pe_image_reader.cc(340)] could not read dos header from C:\Windows\SYSTEM32\ntdll.dll
[0908/162202.940:ERROR:process_memory_win.cc(73)] ReadMemory at 0x7ffb5eaf0000 of 64 bytes failed: 仅完成部分的 ReadProcessMemory 或 WriteProcessMemory 请求。 (0x12B)
[0908/162202.940:WARNING:pe_image_reader.cc(340)] could not read dos header from C:\Windows\System32\KERNEL32.DLL
[0908/162202.940:ERROR:process_memory_win.cc(73)] ReadMemory at 0x7ffb5dd00000 of 64 bytes failed: 仅完成部分的 ReadProcessMemory 或 WriteProcessMemory 请求。 (0x12B)
[0908/162202.940:WARNING:pe_image_reader.cc(340)] could not read dos header from C:\Windows\System32\KERNELBASE.dll
[0908/162202.940:ERROR:process_memory_win.cc(73)] ReadMemory at 0x7ffb40e10000 of 64 bytes failed: 仅完成部分的 ReadProcessMemory 或 WriteProcessMemory 请求。 (0x12B)
[0908/162202.940:WARNING:pe_image_reader.cc(340)] could not read dos header from C:\Program Files (x86)\Google\Chrome\Application\85.0.4183.83\chrome_elf.dll
[0908/162202.940:ERROR:process_memory_win.cc(73)] ReadMemory at 0x7ffb4d9a0000 of 64 bytes failed: 仅完成部分的 ReadProcessMemory 或 WriteProcessMemory 请求。 (0x12B)
[0908/162202.940:WARNING:pe_image_reader.cc(340)] could not read dos header from C:\Windows\SYSTEM32\VERSION.dll
[0908/162202.940:ERROR:process_memory_win.cc(73)] ReadMemory at 0x7ffb5e490000 of 64 bytes failed: 仅完成部分的 ReadProcessMemory 或 WriteProcessMemory 请求。 (0x12B)
[0908/162202.940:WARNING:pe_image_reader.cc(340)] could not read dos header from C:\Windows\System32\msvcrt.dll
[0908/162202.940:ERROR:process_memory_win.cc(73)] ReadMemory at 0x7ffb5f8b0000 of 64 bytes failed: 仅完成部分的 ReadProcessMemory 或 WriteProcessMemory 请求。 (0x12B)
[0908/162202.941:WARNING:pe_image_reader.cc(340)] could not read dos header from C:\Windows\System32\ADVAPI32.dll
[0908/162202.941:ERROR:process_memory_win.cc(73)] ReadMemory at 0x7ffb5ea50000 of 64 bytes failed: 仅完成部分的 ReadProcessMemory 或 WriteProcessMemory 请求。 (0x12B)
[0908/162202.941:WARNING:pe_image_reader.cc(340)] could not read dos header from C:\Windows\System32\sechost.dll
[0908/162202.941:ERROR:process_memory_win.cc(73)] ReadMemory at 0x7ffb5e360000 of 64 bytes failed: 仅完成部分的 ReadProcessMemory 或 WriteProcessMemory 请求。 (0x12B)
[0908/162202.941:WARNING:pe_image_reader.cc(340)] could not read dos header from C:\Windows\System32\RPCRT4.dll
[0908/162202.941:ERROR:process_memory_win.cc(73)] ReadMemory at 0x7ffb0ae40000 of 64 bytes failed: 仅完成部分的 ReadProcessMemory 或 WriteProcessMemory 请求。 (0x12B)
[0908/162202.941:WARNING:pe_image_reader.cc(340)] could not read dos header from C:\Program Files (x86)\Google\Chrome\Application\85.0.4183.83\chrome.dll
[0908/162202.941:ERROR:process_memory_win.cc(73)] ReadMemory at 0x7ffb5e9e0000 of 64 bytes failed: 仅完成部分的 ReadProcessMemory 或 WriteProcessMemory 请求。 (0x12B)
[0908/162202.941:WARNING:pe_image_reader.cc(340)] could not read dos header from C:\Windows\System32\WS2_32.dll
[0908/162202.941:ERROR:process_memory_win.cc(73)] ReadMemory at 0x7ffb5f970000 of 64 bytes failed: 仅完成部分的 ReadProcessMemory 或 WriteProcessMemory 请求。 (0x12B)
[0908/162202.941:WARNING:pe_image_reader.cc(340)] could not read dos header from C:\Windows\System32\OLEAUT32.dll
[0908/162202.941:ERROR:process_memory_win.cc(73)] ReadMemory at 0x7ffb5dfd0000 of 64 bytes failed: 仅完成部分的 ReadProcessMemory 或 WriteProcessMemory 请求。 (0x12B)
[0908/162202.941:WARNING:pe_image_reader.cc(340)] could not read dos header from C:\Windows\System32\msvcp_win.dll
[0908/162202.941:ERROR:process_memory_win.cc(73)] ReadMemory at 0x7ffb5d9f0000 of 64 bytes failed: 仅完成部分的 ReadProcessMemory 或 WriteProcessMemory 请求。 (0x12B)
[0908/162202.942:WARNING:pe_image_reader.cc(340)] could not read dos header from C:\Windows\System32\ucrtbase.dll
[0908/162202.942:ERROR:process_memory_win.cc(73)] ReadMemory at 0x7ffb5e670000 of 64 bytes failed: 仅完成部分的 ReadProcessMemory 或 WriteProcessMemory 请求。 (0x12B)
[0908/162202.942:WARNING:pe_image_reader.cc(340)] could not read dos header from C:\Windows\System32\combase.dll
[0908/162202.942:ERROR:process_memory_win.cc(73)] ReadMemory at 0x7ffb5e120000 of 64 bytes failed: 仅完成部分的 ReadProcessMemory 或 WriteProcessMemory 请求。 (0x12B)
[0908/162202.942:WARNING:pe_image_reader.cc(340)] could not read dos header from C:\Windows\System32\WINTRUST.dll
[0908/162202.942:ERROR:process_memory_win.cc(73)] ReadMemory at 0x7ffb5db20000 of 64 bytes failed: 仅完成部分的 ReadProcessMemory 或 WriteProcessMemory 请求。 (0x12B)
[0908/162202.942:WARNING:pe_image_reader.cc(340)] could not read dos header from C:\Windows\System32\CRYPT32.dll
[0908/162202.942:ERROR:process_memory_win.cc(73)] ReadMemory at 0x7ffb5cd00000 of 64 bytes failed: 仅完成部分的 ReadProcessMemory 或 WriteProcessMemory 请求。 (0x12B)
[0908/162202.942:WARNING:pe_image_reader.cc(340)] could not read dos header from C:\Windows\SYSTEM32\IPHLPAPI.DLL
[0908/162202.942:ERROR:process_memory_win.cc(73)] ReadMemory at 0x7ffb4dbe0000 of 64 bytes failed: 仅完成部分的 ReadProcessMemory 或 WriteProcessMemory 请求。 (0x12B)
[0908/162202.942:WARNING:pe_image_reader.cc(340)] could not read dos header from C:\Windows\SYSTEM32\WINMM.dll
[0908/162202.943:ERROR:process_memory_win.cc(73)] ReadMemory at 0x7ffb403a0000 of 64 bytes failed: 仅完成部分的 ReadProcessMemory 或 WriteProcessMemory 请求。 (0x12B)
[0908/162202.943:WARNING:pe_image_reader.cc(340)] could not read dos header from C:\Windows\SYSTEM32\UIAutomationCore.DLL
[0908/162202.943:ERROR:process_memory_win.cc(73)] ReadMemory at 0x7ffb4f460000 of 64 bytes failed: 仅完成部分的 ReadProcessMemory 或 WriteProcessMemory 请求。 (0x12B)
[0908/162202.943:WARNING:pe_image_reader.cc(340)] could not read dos header from C:\Windows\SYSTEM32\Secur32.dll
[0908/162202.943:ERROR:process_memory_win.cc(73)] ReadMemory at 0x7ffb5d760000 of 64 bytes failed: 仅完成部分的 ReadProcessMemory 或 WriteProcessMemory 请求。 (0x12B)
[0908/162202.943:WARNING:pe_image_reader.cc(340)] could not read dos header from C:\Windows\SYSTEM32\USERENV.dll
[0908/162202.943:ERROR:process_memory_win.cc(73)] ReadMemory at 0x7ffb52490000 of 64 bytes failed: 仅完成部分的 ReadProcessMemory 或 WriteProcessMemory 请求。 (0x12B)
[0908/162202.943:WARNING:pe_image_reader.cc(340)] could not read dos header from C:\Windows\SYSTEM32\DWrite.dll
[0908/162202.943:ERROR:process_memory_win.cc(73)] ReadMemory at 0x7ffb385e0000 of 64 bytes failed: 仅完成部分的 ReadProcessMemory 或 WriteProcessMemory 请求。 (0x12B)
[0908/162202.943:WARNING:pe_image_reader.cc(340)] could not read dos header from C:\Windows\SYSTEM32\WINSPOOL.DRV
[0908/162202.943:ERROR:process_memory_win.cc(73)] ReadMemory at 0x7ffb4e150000 of 64 bytes failed: 仅完成部分的 ReadProcessMemory 或 WriteProcessMemory 请求。 (0x12B)
[0908/162202.943:WARNING:pe_image_reader.cc(340)] could not read dos header from C:\Windows\SYSTEM32\dbghelp.dll
[0908/162202.943:ERROR:process_memory_win.cc(73)] ReadMemory at 0x7ffb50ff0000 of 64 bytes failed: 仅完成部分的 ReadProcessMemory 或 WriteProcessMemory 请求。 (0x12B)
[0908/162202.943:WARNING:pe_image_reader.cc(340)] could not read dos header from C:\Windows\SYSTEM32\WINHTTP.dll
[0908/162202.943:ERROR:process_memory_win.cc(73)] ReadMemory at 0x7ffb56d20000 of 64 bytes failed: 仅完成部分的 ReadProcessMemory 或 WriteProcessMemory 请求。 (0x12B)
[0908/162202.943:WARNING:pe_image_reader.cc(340)] could not read dos header from C:\Windows\SYSTEM32\dhcpcsvc.DLL
[0908/162202.943:ERROR:process_memory_win.cc(73)] ReadMemory at 0x7ffb588f0000 of 64 bytes failed: 仅完成部分的 ReadProcessMemory 或 WriteProcessMemory 请求。 (0x12B)
[0908/162202.943:WARNING:pe_image_reader.cc(340)] could not read dos header from C:\Windows\SYSTEM32\PROPSYS.dll
[0908/162202.943:ERROR:process_memory_win.cc(73)] ReadMemory at 0x7ffb5d720000 of 64 bytes failed: 仅完成部分的 ReadProcessMemory 或 WriteProcessMemory 请求。 (0x12B)
[0908/162202.944:WARNING:pe_image_reader.cc(340)] could not read dos header from C:\Windows\SYSTEM32\SSPICLI.DLL
[0908/162202.944:ERROR:process_memory_win.cc(73)] ReadMemory at 0x7ffb5d460000 of 64 bytes failed: 仅完成部分的 ReadProcessMemory 或 WriteProcessMemory 请求。 (0x12B)
[0908/162202.944:WARNING:pe_image_reader.cc(340)] could not read dos header from C:\Windows\System32\MSASN1.dll
[0908/162202.944:ERROR:process_memory_win.cc(73)] ReadMemory at 0x7ffb5dc80000 of 64 bytes failed: 仅完成部分的 ReadProcessMemory 或 WriteProcessMemory 请求。 (0x12B)
[0908/162202.944:WARNING:pe_image_reader.cc(340)] could not read dos header from C:\Windows\System32\bcryptPrimitives.dll
[0908/162202.944:ERROR:process_memory_win.cc(73)] ReadMemory at 0x7ffb5ed30000 of 64 bytes failed: 仅完成部分的 ReadProcessMemory 或 WriteProcessMemory 请求。 (0x12B)
[0908/162202.944:WARNING:pe_image_reader.cc(340)] could not read dos header from C:\Windows\System32\SHELL32.dll
[0908/162202.944:ERROR:process_memory_win.cc(73)] ReadMemory at 0x7ffb5fa40000 of 64 bytes failed: 仅完成部分的 ReadProcessMemory 或 WriteProcessMemory 请求。 (0x12B)
[0908/162202.944:WARNING:pe_image_reader.cc(340)] could not read dos header from C:\Windows\System32\USER32.dll
[0908/162202.944:ERROR:process_memory_win.cc(73)] ReadMemory at 0x7ffb5d9c0000 of 64 bytes failed: 仅完成部分的 ReadProcessMemory 或 WriteProcessMemory 请求。 (0x12B)
[0908/162202.944:WARNING:pe_image_reader.cc(340)] could not read dos header from C:\Windows\System32\win32u.dll
[0908/162202.944:ERROR:process_memory_win.cc(73)] ReadMemory at 0x7ffb5e240000 of 64 bytes failed: 仅完成部分的 ReadProcessMemory 或 WriteProcessMemory 请求。 (0x12B)
[0908/162202.944:WARNING:pe_image_reader.cc(340)] could not read dos header from C:\Windows\System32\GDI32.dll
[0908/162202.944:ERROR:process_memory_win.cc(73)] ReadMemory at 0x7ffb5d860000 of 64 bytes failed: 仅完成部分的 ReadProcessMemory 或 WriteProcessMemory 请求。 (0x12B)
[0908/162202.944:WARNING:pe_image_reader.cc(340)] could not read dos header from C:\Windows\System32\gdi32full.dll
[0908/162202.945:ERROR:process_memory_win.cc(73)] ReadMemory at 0x124ab610000 of 64 bytes failed: 仅完成部分的 ReadProcessMemory 或 WriteProcessMemory 请求。 (0x12B)
[0908/162202.945:WARNING:pe_image_reader.cc(340)] could not read dos header from C:\Windows\System32\IMM32.DLL
[0908/162202.945:ERROR:process_memory_win.cc(73)] ReadMemory at 0x7ffb5b9e0000 of 64 bytes failed: 仅完成部分的 ReadProcessMemory 或 WriteProcessMemory 请求。 (0x12B)
[0908/162202.945:WARNING:pe_image_reader.cc(340)] could not read dos header from C:\Windows\SYSTEM32\windows.storage.dll
[0908/162202.945:ERROR:process_memory_win.cc(73)] ReadMemory at 0x7ffb5d2e0000 of 64 bytes failed: 仅完成部分的 ReadProcessMemory 或 WriteProcessMemory 请求。 (0x12B)
[0908/162202.945:WARNING:pe_image_reader.cc(340)] could not read dos header from C:\Windows\SYSTEM32\Wldp.dll
[0908/162202.945:ERROR:process_memory_win.cc(73)] ReadMemory at 0x7ffb5f470000 of 64 bytes failed: 仅完成部分的 ReadProcessMemory 或 WriteProcessMemory 请求。 (0x12B)
[0908/162202.945:WARNING:pe_image_reader.cc(340)] could not read dos header from C:\Windows\System32\SHCORE.dll
[0908/162202.945:ERROR:process_memory_win.cc(73)] ReadMemory at 0x124ace00000 of 64 bytes failed: 仅完成部分的 ReadProcessMemory 或 WriteProcessMemory 请求。 (0x12B)
[0908/162202.945:WARNING:pe_image_reader.cc(340)] could not read dos header from C:\Windows\System32\shlwapi.dll
[0908/162202.945:ERROR:process_memory_win.cc(73)] ReadMemory at 0x7ffb5d7a0000 of 64 bytes failed: 仅完成部分的 ReadProcessMemory 或 WriteProcessMemory 请求。 (0x12B)
[0908/162202.945:WARNING:pe_image_reader.cc(340)] could not read dos header from C:\Windows\SYSTEM32\profapi.dll
[0908/162202.945:ERROR:process_memory_win.cc(73)] ReadMemory at 0x7ffb5d250000 of 64 bytes failed: 仅完成部分的 ReadProcessMemory 或 WriteProcessMemory 请求。 (0x12B)
[0908/162202.945:WARNING:pe_image_reader.cc(340)] could not read dos header from C:\Windows\SYSTEM32\CRYPTBASE.DLL
[0908/162202.957:ERROR:process_memory_win.cc(73)] ReadMemory at 0x7ff7e74e0000 of 64 bytes failed: 仅完成部分的 ReadProcessMemory 或 WriteProcessMemory 请求。 (0x12B)
[0908/162202.957:WARNING:pe_image_reader.cc(340)] could not read dos header from C:\Program Files (x86)\Google\Chrome\Application\chrome.exe
[0908/162202.957:ERROR:process_memory_win.cc(73)] ReadMemory at 0x7ffb60110000 of 64 bytes failed: 仅完成部分的 ReadProcessMemory 或 WriteProcessMemory 请求。 (0x12B)
[0908/162202.957:WARNING:pe_image_reader.cc(340)] could not read dos header from C:\Windows\SYSTEM32\ntdll.dll
[0908/162202.958:ERROR:process_memory_win.cc(73)] ReadMemory at 0x7ffb5eaf0000 of 64 bytes failed: 仅完成部分的 ReadProcessMemory 或 WriteProcessMemory 请求。 (0x12B)
[0908/162202.958:WARNING:pe_image_reader.cc(340)] could not read dos header from C:\Windows\System32\KERNEL32.DLL
[0908/162202.958:ERROR:process_memory_win.cc(73)] ReadMemory at 0x7ffb5dd00000 of 64 bytes failed: 仅完成部分的 ReadProcessMemory 或 WriteProcessMemory 请求。 (0x12B)
[0908/162202.958:WARNING:pe_image_reader.cc(340)] could not read dos header from C:\Windows\System32\KERNELBASE.dll
[0908/162202.958:ERROR:process_memory_win.cc(73)] ReadMemory at 0x7ffb40e10000 of 64 bytes failed: 仅完成部分的 ReadProcessMemory 或 WriteProcessMemory 请求。 (0x12B)
[0908/162202.958:WARNING:pe_image_reader.cc(340)] could not read dos header from C:\Program Files (x86)\Google\Chrome\Application\85.0.4183.83\chrome_elf.dll
[0908/162202.958:ERROR:process_memory_win.cc(73)] ReadMemory at 0x7ffb4d9a0000 of 64 bytes failed: 仅完成部分的 ReadProcessMemory 或 WriteProcessMemory 请求。 (0x12B)
[0908/162202.958:WARNING:pe_image_reader.cc(340)] could not read dos header from C:\Windows\SYSTEM32\VERSION.dll
[0908/162202.958:ERROR:process_memory_win.cc(73)] ReadMemory at 0x7ffb5e490000 of 64 bytes failed: 仅完成部分的 ReadProcessMemory 或 WriteProcessMemory 请求。 (0x12B)
[0908/162202.958:WARNING:pe_image_reader.cc(340)] could not read dos header from C:\Windows\System32\msvcrt.dll
[0908/162202.958:ERROR:process_memory_win.cc(73)] ReadMemory at 0x7ffb5f8b0000 of 64 bytes failed: 仅完成部分的 ReadProcessMemory 或 WriteProcessMemory 请求。 (0x12B)
[0908/162202.958:WARNING:pe_image_reader.cc(340)] could not read dos header from C:\Windows\System32\ADVAPI32.dll
[0908/162202.959:ERROR:process_memory_win.cc(73)] ReadMemory at 0x7ffb5ea50000 of 64 bytes failed: 仅完成部分的 ReadProcessMemory 或 WriteProcessMemory 请求。 (0x12B)
[0908/162202.959:WARNING:pe_image_reader.cc(340)] could not read dos header from C:\Windows\System32\sechost.dll
[0908/162202.959:ERROR:process_memory_win.cc(73)] ReadMemory at 0x7ffb5e360000 of 64 bytes failed: 仅完成部分的 ReadProcessMemory 或 WriteProcessMemory 请求。 (0x12B)
[0908/162202.959:WARNING:pe_image_reader.cc(340)] could not read dos header from C:\Windows\System32\RPCRT4.dll
[0908/162202.959:ERROR:process_memory_win.cc(73)] ReadMemory at 0x7ffb0ae40000 of 64 bytes failed: 仅完成部分的 ReadProcessMemory 或 WriteProcessMemory 请求。 (0x12B)
[0908/162202.959:WARNING:pe_image_reader.cc(340)] could not read dos header from C:\Program Files (x86)\Google\Chrome\Application\85.0.4183.83\chrome.dll
[0908/162202.959:ERROR:process_memory_win.cc(73)] ReadMemory at 0x7ffb5e9e0000 of 64 bytes failed: 仅完成部分的 ReadProcessMemory 或 WriteProcessMemory 请求。 (0x12B)
[0908/162202.959:WARNING:pe_image_reader.cc(340)] could not read dos header from C:\Windows\System32\WS2_32.dll
[0908/162202.959:ERROR:process_memory_win.cc(73)] ReadMemory at 0x7ffb5f970000 of 64 bytes failed: 仅完成部分的 ReadProcessMemory 或 WriteProcessMemory 请求。 (0x12B)
[0908/162202.959:WARNING:pe_image_reader.cc(340)] could not read dos header from C:\Windows\System32\OLEAUT32.dll
[0908/162202.959:ERROR:process_memory_win.cc(73)] ReadMemory at 0x7ffb5dfd0000 of 64 bytes failed: 仅完成部分的 ReadProcessMemory 或 WriteProcessMemory 请求。 (0x12B)
[0908/162202.959:WARNING:pe_image_reader.cc(340)] could not read dos header from C:\Windows\System32\msvcp_win.dll
[0908/162202.959:ERROR:process_memory_win.cc(73)] ReadMemory at 0x7ffb5d9f0000 of 64 bytes failed: 仅完成部分的 ReadProcessMemory 或 WriteProcessMemory 请求。 (0x12B)
[0908/162202.959:WARNING:pe_image_reader.cc(340)] could not read dos header from C:\Windows\System32\ucrtbase.dll
[0908/162202.959:ERROR:process_memory_win.cc(73)] ReadMemory at 0x7ffb5e670000 of 64 bytes failed: 仅完成部分的 ReadProcessMemory 或 WriteProcessMemory 请求。 (0x12B)
[0908/162202.959:WARNING:pe_image_reader.cc(340)] could not read dos header from C:\Windows\System32\combase.dll
[0908/162202.960:ERROR:process_memory_win.cc(73)] ReadMemory at 0x7ffb5e120000 of 64 bytes failed: 仅完成部分的 ReadProcessMemory 或 WriteProcessMemory 请求。 (0x12B)
[0908/162202.960:WARNING:pe_image_reader.cc(340)] could not read dos header from C:\Windows\System32\WINTRUST.dll
[0908/162202.960:ERROR:process_memory_win.cc(73)] ReadMemory at 0x7ffb5db20000 of 64 bytes failed: 仅完成部分的 ReadProcessMemory 或 WriteProcessMemory 请求。 (0x12B)
[0908/162202.960:WARNING:pe_image_reader.cc(340)] could not read dos header from C:\Windows\System32\CRYPT32.dll
[0908/162202.960:ERROR:process_memory_win.cc(73)] ReadMemory at 0x7ffb5cd00000 of 64 bytes failed: 仅完成部分的 ReadProcessMemory 或 WriteProcessMemory 请求。 (0x12B)
[0908/162202.960:WARNING:pe_image_reader.cc(340)] could not read dos header from C:\Windows\SYSTEM32\IPHLPAPI.DLL
[0908/162202.960:ERROR:process_memory_win.cc(73)] ReadMemory at 0x7ffb4dbe0000 of 64 bytes failed: 仅完成部分的 ReadProcessMemory 或 WriteProcessMemory 请求。 (0x12B)
[0908/162202.960:WARNING:pe_image_reader.cc(340)] could not read dos header from C:\Windows\SYSTEM32\WINMM.dll
[0908/162202.960:ERROR:process_memory_win.cc(73)] ReadMemory at 0x7ffb403a0000 of 64 bytes failed: 仅完成部分的 ReadProcessMemory 或 WriteProcessMemory 请求。 (0x12B)
[0908/162202.960:WARNING:pe_image_reader.cc(340)] could not read dos header from C:\Windows\SYSTEM32\UIAutomationCore.DLL
[0908/162202.960:ERROR:process_memory_win.cc(73)] ReadMemory at 0x7ffb4f460000 of 64 bytes failed: 仅完成部分的 ReadProcessMemory 或 WriteProcessMemory 请求。 (0x12B)
[0908/162202.960:WARNING:pe_image_reader.cc(340)] could not read dos header from C:\Windows\SYSTEM32\Secur32.dll
[0908/162202.960:ERROR:process_memory_win.cc(73)] ReadMemory at 0x7ffb5d760000 of 64 bytes failed: 仅完成部分的 ReadProcessMemory 或 WriteProcessMemory 请求。 (0x12B)
[0908/162202.960:WARNING:pe_image_reader.cc(340)] could not read dos header from C:\Windows\SYSTEM32\USERENV.dll
[0908/162202.960:ERROR:process_memory_win.cc(73)] ReadMemory at 0x7ffb52490000 of 64 bytes failed: 仅完成部分的 ReadProcessMemory 或 WriteProcessMemory 请求。 (0x12B)
[0908/162202.960:WARNING:pe_image_reader.cc(340)] could not read dos header from C:\Windows\SYSTEM32\DWrite.dll
[0908/162202.960:ERROR:process_memory_win.cc(73)] ReadMemory at 0x7ffb385e0000 of 64 bytes failed: 仅完成部分的 ReadProcessMemory 或 WriteProcessMemory 请求。 (0x12B)
[0908/162202.960:WARNING:pe_image_reader.cc(340)] could not read dos header from C:\Windows\SYSTEM32\WINSPOOL.DRV
[0908/162202.960:ERROR:process_memory_win.cc(73)] ReadMemory at 0x7ffb4e150000 of 64 bytes failed: 仅完成部分的 ReadProcessMemory 或 WriteProcessMemory 请求。 (0x12B)
[0908/162202.960:WARNING:pe_image_reader.cc(340)] could not read dos header from C:\Windows\SYSTEM32\dbghelp.dll
[0908/162202.961:ERROR:process_memory_win.cc(73)] ReadMemory at 0x7ffb50ff0000 of 64 bytes failed: 仅完成部分的 ReadProcessMemory 或 WriteProcessMemory 请求。 (0x12B)
[0908/162202.961:WARNING:pe_image_reader.cc(340)] could not read dos header from C:\Windows\SYSTEM32\WINHTTP.dll
[0908/162202.961:ERROR:process_memory_win.cc(73)] ReadMemory at 0x7ffb56d20000 of 64 bytes failed: 仅完成部分的 ReadProcessMemory 或 WriteProcessMemory 请求。 (0x12B)
[0908/162202.961:WARNING:pe_image_reader.cc(340)] could not read dos header from C:\Windows\SYSTEM32\dhcpcsvc.DLL
[0908/162202.961:ERROR:process_memory_win.cc(73)] ReadMemory at 0x7ffb588f0000 of 64 bytes failed: 仅完成部分的 ReadProcessMemory 或 WriteProcessMemory 请求。 (0x12B)
[0908/162202.961:WARNING:pe_image_reader.cc(340)] could not read dos header from C:\Windows\SYSTEM32\PROPSYS.dll
[0908/162202.961:ERROR:process_memory_win.cc(73)] ReadMemory at 0x7ffb5d720000 of 64 bytes failed: 仅完成部分的 ReadProcessMemory 或 WriteProcessMemory 请求。 (0x12B)
[0908/162202.961:WARNING:pe_image_reader.cc(340)] could not read dos header from C:\Windows\SYSTEM32\SSPICLI.DLL
[0908/162202.961:ERROR:process_memory_win.cc(73)] ReadMemory at 0x7ffb5d460000 of 64 bytes failed: 仅完成部分的 ReadProcessMemory 或 WriteProcessMemory 请求。 (0x12B)
[0908/162202.961:WARNING:pe_image_reader.cc(340)] could not read dos header from C:\Windows\System32\MSASN1.dll
[0908/162202.961:ERROR:process_memory_win.cc(73)] ReadMemory at 0x7ffb5dc80000 of 64 bytes failed: 仅完成部分的 ReadProcessMemory 或 WriteProcessMemory 请求。 (0x12B)
[0908/162202.961:WARNING:pe_image_reader.cc(340)] could not read dos header from C:\Windows\System32\bcryptPrimitives.dll
[0908/162202.961:ERROR:process_memory_win.cc(73)] ReadMemory at 0x7ffb5ed30000 of 64 bytes failed: 仅完成部分的 ReadProcessMemory 或 WriteProcessMemory 请求。 (0x12B)
[0908/162202.961:WARNING:pe_image_reader.cc(340)] could not read dos header from C:\Windows\System32\SHELL32.dll
[0908/162202.961:ERROR:process_memory_win.cc(73)] ReadMemory at 0x7ffb5fa40000 of 64 bytes failed: 仅完成部分的 ReadProcessMemory 或 WriteProcessMemory 请求。 (0x12B)
[0908/162202.961:WARNING:pe_image_reader.cc(340)] could not read dos header from C:\Windows\System32\USER32.dll
[0908/162202.961:ERROR:process_memory_win.cc(73)] ReadMemory at 0x7ffb5d9c0000 of 64 bytes failed: 仅完成部分的 ReadProcessMemory 或 WriteProcessMemory 请求。 (0x12B)
[0908/162202.961:WARNING:pe_image_reader.cc(340)] could not read dos header from C:\Windows\System32\win32u.dll
[0908/162202.961:ERROR:process_memory_win.cc(73)] ReadMemory at 0x7ffb5e240000 of 64 bytes failed: 仅完成部分的 ReadProcessMemory 或 WriteProcessMemory 请求。 (0x12B)
[0908/162202.961:WARNING:pe_image_reader.cc(340)] could not read dos header from C:\Windows\System32\GDI32.dll
[0908/162202.962:ERROR:process_memory_win.cc(73)] ReadMemory at 0x7ffb5d860000 of 64 bytes failed: 仅完成部分的 ReadProcessMemory 或 WriteProcessMemory 请求。 (0x12B)
[0908/162202.962:WARNING:pe_image_reader.cc(340)] could not read dos header from C:\Windows\System32\gdi32full.dll
[0908/162202.962:ERROR:process_memory_win.cc(73)] ReadMemory at 0x124ab610000 of 64 bytes failed: 仅完成部分的 ReadProcessMemory 或 WriteProcessMemory 请求。 (0x12B)
[0908/162202.962:WARNING:pe_image_reader.cc(340)] could not read dos header from C:\Windows\System32\IMM32.DLL
[0908/162202.962:ERROR:process_memory_win.cc(73)] ReadMemory at 0x7ffb5b9e0000 of 64 bytes failed: 仅完成部分的 ReadProcessMemory 或 WriteProcessMemory 请求。 (0x12B)
[0908/162202.962:WARNING:pe_image_reader.cc(340)] could not read dos header from C:\Windows\SYSTEM32\windows.storage.dll
[0908/162202.962:ERROR:process_memory_win.cc(73)] ReadMemory at 0x7ffb5d2e0000 of 64 bytes failed: 仅完成部分的 ReadProcessMemory 或 WriteProcessMemory 请求。 (0x12B)
[0908/162202.962:WARNING:pe_image_reader.cc(340)] could not read dos header from C:\Windows\SYSTEM32\Wldp.dll
[0908/162202.962:ERROR:process_memory_win.cc(73)] ReadMemory at 0x7ffb5f470000 of 64 bytes failed: 仅完成部分的 ReadProcessMemory 或 WriteProcessMemory 请求。 (0x12B)
[0908/162202.962:WARNING:pe_image_reader.cc(340)] could not read dos header from C:\Windows\System32\SHCORE.dll
[0908/162202.962:ERROR:process_memory_win.cc(73)] ReadMemory at 0x124ace00000 of 64 bytes failed: 仅完成部分的 ReadProcessMemory 或 WriteProcessMemory 请求。 (0x12B)
[0908/162202.962:WARNING:pe_image_reader.cc(340)] could not read dos header from C:\Windows\System32\shlwapi.dll
[0908/162202.962:ERROR:process_memory_win.cc(73)] ReadMemory at 0x7ffb5d7a0000 of 64 bytes failed: 仅完成部分的 ReadProcessMemory 或 WriteProcessMemory 请求。 (0x12B)
[0908/162202.962:WARNING:pe_image_reader.cc(340)] could not read dos header from C:\Windows\SYSTEM32\profapi.dll
[0908/162202.962:ERROR:process_memory_win.cc(73)] ReadMemory at 0x7ffb5d250000 of 64 bytes failed: 仅完成部分的 ReadProcessMemory 或 WriteProcessMemory 请求。 (0x12B)
[0908/162202.962:WARNING:pe_image_reader.cc(340)] could not read dos header from C:\Windows\SYSTEM32\CRYPTBASE.DLL
[0908/162202.962:ERROR:process_memory_win.cc(73)] ReadMemory at 0x7ff7e74e0000 of 64 bytes failed: 仅完成部分的 ReadProcessMemory 或 WriteProcessMemory 请求。 (0x12B)
[0908/162202.962:WARNING:pe_image_reader.cc(340)] could not read dos header from C:\Program Files (x86)\Google\Chrome\Application\chrome.exe
[0908/162202.962:ERROR:process_memory_win.cc(73)] ReadMemory at 0x7ffb60110000 of 64 bytes failed: 仅完成部分的 ReadProcessMemory 或 WriteProcessMemory 请求。 (0x12B)
[0908/162202.963:WARNING:pe_image_reader.cc(340)] could not read dos header from C:\Windows\SYSTEM32\ntdll.dll
[0908/162202.963:ERROR:process_memory_win.cc(73)] ReadMemory at 0x7ffb5eaf0000 of 64 bytes failed: 仅完成部分的 ReadProcessMemory 或 WriteProcessMemory 请求。 (0x12B)
[0908/162202.963:WARNING:pe_image_reader.cc(340)] could not read dos header from C:\Windows\System32\KERNEL32.DLL
[0908/162202.963:ERROR:process_memory_win.cc(73)] ReadMemory at 0x7ffb5dd00000 of 64 bytes failed: 仅完成部分的 ReadProcessMemory 或 WriteProcessMemory 请求。 (0x12B)
[0908/162202.963:WARNING:pe_image_reader.cc(340)] could not read dos header from C:\Windows\System32\KERNELBASE.dll
[0908/162202.963:ERROR:process_memory_win.cc(73)] ReadMemory at 0x7ffb40e10000 of 64 bytes failed: 仅完成部分的 ReadProcessMemory 或 WriteProcessMemory 请求。 (0x12B)
[0908/162202.963:WARNING:pe_image_reader.cc(340)] could not read dos header from C:\Program Files (x86)\Google\Chrome\Application\85.0.4183.83\chrome_elf.dll
[0908/162202.963:ERROR:process_memory_win.cc(73)] ReadMemory at 0x7ffb4d9a0000 of 64 bytes failed: 仅完成部分的 ReadProcessMemory 或 WriteProcessMemory 请求。 (0x12B)
[0908/162202.963:WARNING:pe_image_reader.cc(340)] could not read dos header from C:\Windows\SYSTEM32\VERSION.dll
[0908/162202.963:ERROR:process_memory_win.cc(73)] ReadMemory at 0x7ffb5e490000 of 64 bytes failed: 仅完成部分的 ReadProcessMemory 或 WriteProcessMemory 请求。 (0x12B)
[0908/162202.963:WARNING:pe_image_reader.cc(340)] could not read dos header from C:\Windows\System32\msvcrt.dll
[0908/162202.963:ERROR:process_memory_win.cc(73)] ReadMemory at 0x7ffb5f8b0000 of 64 bytes failed: 仅完成部分的 ReadProcessMemory 或 WriteProcessMemory 请求。 (0x12B)
[0908/162202.963:WARNING:pe_image_reader.cc(340)] could not read dos header from C:\Windows\System32\ADVAPI32.dll
[0908/162202.963:ERROR:process_memory_win.cc(73)] ReadMemory at 0x7ffb5ea50000 of 64 bytes failed: 仅完成部分的 ReadProcessMemory 或 WriteProcessMemory 请求。 (0x12B)
[0908/162202.963:WARNING:pe_image_reader.cc(340)] could not read dos header from C:\Windows\System32\sechost.dll
[0908/162202.963:ERROR:process_memory_win.cc(73)] ReadMemory at 0x7ffb5e360000 of 64 bytes failed: 仅完成部分的 ReadProcessMemory 或 WriteProcessMemory 请求。 (0x12B)
[0908/162202.963:WARNING:pe_image_reader.cc(340)] could not read dos header from C:\Windows\System32\RPCRT4.dll
[0908/162202.963:ERROR:process_memory_win.cc(73)] ReadMemory at 0x7ffb0ae40000 of 64 bytes failed: 仅完成部分的 ReadProcessMemory 或 WriteProcessMemory 请求。 (0x12B)
[0908/162202.963:WARNING:pe_image_reader.cc(340)] could not read dos header from C:\Program Files (x86)\Google\Chrome\Application\85.0.4183.83\chrome.dll
[0908/162202.964:ERROR:process_memory_win.cc(73)] ReadMemory at 0x7ffb5e9e0000 of 64 bytes failed: 仅完成部分的 ReadProcessMemory 或 WriteProcessMemory 请求。 (0x12B)
[0908/162202.964:WARNING:pe_image_reader.cc(340)] could not read dos header from C:\Windows\System32\WS2_32.dll
[0908/162202.964:ERROR:process_memory_win.cc(73)] ReadMemory at 0x7ffb5f970000 of 64 bytes failed: 仅完成部分的 ReadProcessMemory 或 WriteProcessMemory 请求。 (0x12B)
[0908/162202.964:WARNING:pe_image_reader.cc(340)] could not read dos header from C:\Windows\System32\OLEAUT32.dll
[0908/162202.964:ERROR:process_memory_win.cc(73)] ReadMemory at 0x7ffb5dfd0000 of 64 bytes failed: 仅完成部分的 ReadProcessMemory 或 WriteProcessMemory 请求。 (0x12B)
[0908/162202.964:WARNING:pe_image_reader.cc(340)] could not read dos header from C:\Windows\System32\msvcp_win.dll
[0908/162202.964:ERROR:process_memory_win.cc(73)] ReadMemory at 0x7ffb5d9f0000 of 64 bytes failed: 仅完成部分的 ReadProcessMemory 或 WriteProcessMemory 请求。 (0x12B)
[0908/162202.964:WARNING:pe_image_reader.cc(340)] could not read dos header from C:\Windows\System32\ucrtbase.dll
[0908/162202.964:ERROR:process_memory_win.cc(73)] ReadMemory at 0x7ffb5e670000 of 64 bytes failed: 仅完成部分的 ReadProcessMemory 或 WriteProcessMemory 请求。 (0x12B)
[0908/162202.964:WARNING:pe_image_reader.cc(340)] could not read dos header from C:\Windows\System32\combase.dll
[0908/162202.964:ERROR:process_memory_win.cc(73)] ReadMemory at 0x7ffb5e120000 of 64 bytes failed: 仅完成部分的 ReadProcessMemory 或 WriteProcessMemory 请求。 (0x12B)
[0908/162202.965:WARNING:pe_image_reader.cc(340)] could not read dos header from C:\Windows\System32\WINTRUST.dll
[0908/162202.965:ERROR:process_memory_win.cc(73)] ReadMemory at 0x7ffb5db20000 of 64 bytes failed: 仅完成部分的 ReadProcessMemory 或 WriteProcessMemory 请求。 (0x12B)
[0908/162202.965:WARNING:pe_image_reader.cc(340)] could not read dos header from C:\Windows\System32\CRYPT32.dll
[0908/162202.965:ERROR:process_memory_win.cc(73)] ReadMemory at 0x7ffb5cd00000 of 64 bytes failed: 仅完成部分的 ReadProcessMemory 或 WriteProcessMemory 请求。 (0x12B)
[0908/162202.965:WARNING:pe_image_reader.cc(340)] could not read dos header from C:\Windows\SYSTEM32\IPHLPAPI.DLL
[0908/162202.965:ERROR:process_memory_win.cc(73)] ReadMemory at 0x7ffb4dbe0000 of 64 bytes failed: 仅完成部分的 ReadProcessMemory 或 WriteProcessMemory 请求。 (0x12B)
[0908/162202.965:WARNING:pe_image_reader.cc(340)] could not read dos header from C:\Windows\SYSTEM32\WINMM.dll
[0908/162202.965:ERROR:process_memory_win.cc(73)] ReadMemory at 0x7ffb403a0000 of 64 bytes failed: 仅完成部分的 ReadProcessMemory 或 WriteProcessMemory 请求。 (0x12B)
[0908/162202.965:WARNING:pe_image_reader.cc(340)] could not read dos header from C:\Windows\SYSTEM32\UIAutomationCore.DLL
[0908/162202.965:ERROR:process_memory_win.cc(73)] ReadMemory at 0x7ffb4f460000 of 64 bytes failed: 仅完成部分的 ReadProcessMemory 或 WriteProcessMemory 请求。 (0x12B)
[0908/162202.965:WARNING:pe_image_reader.cc(340)] could not read dos header from C:\Windows\SYSTEM32\Secur32.dll
[0908/162202.965:ERROR:process_memory_win.cc(73)] ReadMemory at 0x7ffb5d760000 of 64 bytes failed: 仅完成部分的 ReadProcessMemory 或 WriteProcessMemory 请求。 (0x12B)
[0908/162202.966:WARNING:pe_image_reader.cc(340)] could not read dos header from C:\Windows\SYSTEM32\USERENV.dll
[0908/162202.966:ERROR:process_memory_win.cc(73)] ReadMemory at 0x7ffb52490000 of 64 bytes failed: 仅完成部分的 ReadProcessMemory 或 WriteProcessMemory 请求。 (0x12B)
[0908/162202.966:WARNING:pe_image_reader.cc(340)] could not read dos header from C:\Windows\SYSTEM32\DWrite.dll
[0908/162202.966:ERROR:process_memory_win.cc(73)] ReadMemory at 0x7ffb385e0000 of 64 bytes failed: 仅完成部分的 ReadProcessMemory 或 WriteProcessMemory 请求。 (0x12B)
[0908/162202.966:WARNING:pe_image_reader.cc(340)] could not read dos header from C:\Windows\SYSTEM32\WINSPOOL.DRV
[0908/162202.966:ERROR:process_memory_win.cc(73)] ReadMemory at 0x7ffb4e150000 of 64 bytes failed: 仅完成部分的 ReadProcessMemory 或 WriteProcessMemory 请求。 (0x12B)
[0908/162202.966:WARNING:pe_image_reader.cc(340)] could not read dos header from C:\Windows\SYSTEM32\dbghelp.dll
[0908/162202.966:ERROR:process_memory_win.cc(73)] ReadMemory at 0x7ffb50ff0000 of 64 bytes failed: 仅完成部分的 ReadProcessMemory 或 WriteProcessMemory 请求。 (0x12B)
[0908/162202.966:WARNING:pe_image_reader.cc(340)] could not read dos header from C:\Windows\SYSTEM32\WINHTTP.dll
[0908/162202.966:ERROR:process_memory_win.cc(73)] ReadMemory at 0x7ffb56d20000 of 64 bytes failed: 仅完成部分的 ReadProcessMemory 或 WriteProcessMemory 请求。 (0x12B)
[0908/162202.967:WARNING:pe_image_reader.cc(340)] could not read dos header from C:\Windows\SYSTEM32\dhcpcsvc.DLL
[0908/162202.967:ERROR:process_memory_win.cc(73)] ReadMemory at 0x7ffb588f0000 of 64 bytes failed: 仅完成部分的 ReadProcessMemory 或 WriteProcessMemory 请求。 (0x12B)
[0908/162202.967:WARNING:pe_image_reader.cc(340)] could not read dos header from C:\Windows\SYSTEM32\PROPSYS.dll
[0908/162202.967:ERROR:process_memory_win.cc(73)] ReadMemory at 0x7ffb5d720000 of 64 bytes failed: 仅完成部分的 ReadProcessMemory 或 WriteProcessMemory 请求。 (0x12B)
[0908/162202.967:WARNING:pe_image_reader.cc(340)] could not read dos header from C:\Windows\SYSTEM32\SSPICLI.DLL
[0908/162202.967:ERROR:process_memory_win.cc(73)] ReadMemory at 0x7ffb5d460000 of 64 bytes failed: 仅完成部分的 ReadProcessMemory 或 WriteProcessMemory 请求。 (0x12B)
[0908/162202.967:WARNING:pe_image_reader.cc(340)] could not read dos header from C:\Windows\System32\MSASN1.dll
[0908/162202.967:ERROR:process_memory_win.cc(73)] ReadMemory at 0x7ffb5dc80000 of 64 bytes failed: 仅完成部分的 ReadProcessMemory 或 WriteProcessMemory 请求。 (0x12B)
[0908/162202.967:WARNING:pe_image_reader.cc(340)] could not read dos header from C:\Windows\System32\bcryptPrimitives.dll
[0908/162202.967:ERROR:process_memory_win.cc(73)] ReadMemory at 0x7ffb5ed30000 of 64 bytes failed: 仅完成部分的 ReadProcessMemory 或 WriteProcessMemory 请求。 (0x12B)
[0908/162202.967:WARNING:pe_image_reader.cc(340)] could not read dos header from C:\Windows\System32\SHELL32.dll
[0908/162202.967:ERROR:process_memory_win.cc(73)] ReadMemory at 0x7ffb5fa40000 of 64 bytes failed: 仅完成部分的 ReadProcessMemory 或 WriteProcessMemory 请求。 (0x12B)
[0908/162202.967:WARNING:pe_image_reader.cc(340)] could not read dos header from C:\Windows\System32\USER32.dll
[0908/162202.967:ERROR:process_memory_win.cc(73)] ReadMemory at 0x7ffb5d9c0000 of 64 bytes failed: 仅完成部分的 ReadProcessMemory 或 WriteProcessMemory 请求。 (0x12B)
[0908/162202.967:WARNING:pe_image_reader.cc(340)] could not read dos header from C:\Windows\System32\win32u.dll
[0908/162202.967:ERROR:process_memory_win.cc(73)] ReadMemory at 0x7ffb5e240000 of 64 bytes failed: 仅完成部分的 ReadProcessMemory 或 WriteProcessMemory 请求。 (0x12B)
[0908/162202.967:WARNING:pe_image_reader.cc(340)] could not read dos header from C:\Windows\System32\GDI32.dll
[0908/162202.967:ERROR:process_memory_win.cc(73)] ReadMemory at 0x7ffb5d860000 of 64 bytes failed: 仅完成部分的 ReadProcessMemory 或 WriteProcessMemory 请求。 (0x12B)
[0908/162202.967:WARNING:pe_image_reader.cc(340)] could not read dos header from C:\Windows\System32\gdi32full.dll
[0908/162202.968:ERROR:process_memory_win.cc(73)] ReadMemory at 0x124ab610000 of 64 bytes failed: 仅完成部分的 ReadProcessMemory 或 WriteProcessMemory 请求。 (0x12B)
[0908/162202.968:WARNING:pe_image_reader.cc(340)] could not read dos header from C:\Windows\System32\IMM32.DLL
[0908/162202.968:ERROR:process_memory_win.cc(73)] ReadMemory at 0x7ffb5b9e0000 of 64 bytes failed: 仅完成部分的 ReadProcessMemory 或 WriteProcessMemory 请求。 (0x12B)
[0908/162202.968:WARNING:pe_image_reader.cc(340)] could not read dos header from C:\Windows\SYSTEM32\windows.storage.dll
[0908/162202.968:ERROR:process_memory_win.cc(73)] ReadMemory at 0x7ffb5d2e0000 of 64 bytes failed: 仅完成部分的 ReadProcessMemory 或 WriteProcessMemory 请求。 (0x12B)
[0908/162202.968:WARNING:pe_image_reader.cc(340)] could not read dos header from C:\Windows\SYSTEM32\Wldp.dll
[0908/162202.968:ERROR:process_memory_win.cc(73)] ReadMemory at 0x7ffb5f470000 of 64 bytes failed: 仅完成部分的 ReadProcessMemory 或 WriteProcessMemory 请求。 (0x12B)
[0908/162202.968:WARNING:pe_image_reader.cc(340)] could not read dos header from C:\Windows\System32\SHCORE.dll
[0908/162202.968:ERROR:process_memory_win.cc(73)] ReadMemory at 0x124ace00000 of 64 bytes failed: 仅完成部分的 ReadProcessMemory 或 WriteProcessMemory 请求。 (0x12B)
[0908/162202.968:WARNING:pe_image_reader.cc(340)] could not read dos header from C:\Windows\System32\shlwapi.dll
[0908/162202.968:ERROR:process_memory_win.cc(73)] ReadMemory at 0x7ffb5d7a0000 of 64 bytes failed: 仅完成部分的 ReadProcessMemory 或 WriteProcessMemory 请求。 (0x12B)
[0908/162202.968:WARNING:pe_image_reader.cc(340)] could not read dos header from C:\Windows\SYSTEM32\profapi.dll
[0908/162202.968:ERROR:process_memory_win.cc(73)] ReadMemory at 0x7ffb5d250000 of 64 bytes failed: 仅完成部分的 ReadProcessMemory 或 WriteProcessMemory 请求。 (0x12B)
[0908/162202.968:WARNING:pe_image_reader.cc(340)] could not read dos header from C:\Windows\SYSTEM32\CRYPTBASE.DLL
[0908/162202.984:ERROR:process_memory_win.cc(73)] ReadMemory at 0x1df1e9000 of 94208 bytes failed: 仅完成部分的 ReadProcessMemory 或 WriteProcessMemory 请求。 (0x12B)
[0908/162202.985:ERROR:process_memory_win.cc(73)] ReadMemory at 0x1df9fd000 of 12288 bytes failed: 仅完成部分的 ReadProcessMemory 或 WriteProcessMemory 请求。 (0x12B)
[0908/162202.985:ERROR:process_memory_win.cc(73)] ReadMemory at 0x1e01f7000 of 36864 bytes failed: 仅完成部分的 ReadProcessMemory 或 WriteProcessMemory 请求。 (0x12B)
[0908/162202.985:ERROR:process_memory_win.cc(73)] ReadMemory at 0x1e09fc000 of 16384 bytes failed: 仅完成部分的 ReadProcessMemory 或 WriteProcessMemory 请求。 (0x12B)
[0908/162202.986:ERROR:process_memory_win.cc(73)] ReadMemory at 0x1e11fc000 of 16384 bytes failed: 仅完成部分的 ReadProcessMemory 或 WriteProcessMemory 请求。 (0x12B)
[0908/162202.986:ERROR:process_memory_win.cc(73)] ReadMemory at 0x1e19ff000 of 4096 bytes failed: 仅完成部分的 ReadProcessMemory 或 WriteProcessMemory 请求。 (0x12B)
[0908/162202.986:ERROR:process_memory_win.cc(73)] ReadMemory at 0x1e21fc000 of 16384 bytes failed: 仅完成部分的 ReadProcessMemory 或 WriteProcessMemory 请求。 (0x12B)
[0908/162202.986:ERROR:process_memory_win.cc(73)] ReadMemory at 0x1e29fc000 of 16384 bytes failed: 仅完成部分的 ReadProcessMemory 或 WriteProcessMemory 请求。 (0x12B)
[0908/162202.986:ERROR:process_memory_win.cc(73)] ReadMemory at 0x1e39fd000 of 12288 bytes failed: 仅完成部分的 ReadProcessMemory 或 WriteProcessMemory 请求。 (0x12B)
[0908/162202.986:ERROR:process_memory_win.cc(73)] ReadMemory at 0x1e41fa000 of 24576 bytes failed: 仅完成部分的 ReadProcessMemory 或 WriteProcessMemory 请求。 (0x12B)
[0908/162202.986:ERROR:process_memory_win.cc(73)] ReadMemory at 0x1e49fa000 of 24576 bytes failed: 仅完成部分的 ReadProcessMemory 或 WriteProcessMemory 请求。 (0x12B)
[0908/162202.986:ERROR:process_memory_win.cc(73)] ReadMemory at 0x1e51fa000 of 24576 bytes failed: 仅完成部分的 ReadProcessMemory 或 WriteProcessMemory 请求。 (0x12B)
[0908/162202.987:ERROR:process_memory_win.cc(73)] ReadMemory at 0x1e59f9000 of 28672 bytes failed: 仅完成部分的 ReadProcessMemory 或 WriteProcessMemory 请求。 (0x12B)
[0908/162202.987:ERROR:process_memory_win.cc(73)] ReadMemory at 0x1e61fc000 of 16384 bytes failed: 仅完成部分的 ReadProcessMemory 或 WriteProcessMemory 请求。 (0x12B)
[0908/162202.987:ERROR:process_memory_win.cc(73)] ReadMemory at 0x1e31fd000 of 12288 bytes failed: 仅完成部分的 ReadProcessMemory 或 WriteProcessMemory 请求。 (0x12B)
[0908/162202.987:ERROR:process_memory_win.cc(73)] ReadMemory at 0x1de80a000 of 852 bytes failed: 仅完成部分的 ReadProcessMemory 或 WriteProcessMemory 请求。 (0x12B)
[0908/162202.987:ERROR:process_memory_win.cc(73)] ReadMemory at 0x1de80b000 of 6024 bytes failed: 仅完成部分的 ReadProcessMemory 或 WriteProcessMemory 请求。 (0x12B)
[0908/162202.987:ERROR:process_memory_win.cc(73)] ReadMemory at 0x1de80d000 of 6024 bytes failed: 仅完成部分的 ReadProcessMemory 或 WriteProcessMemory 请求。 (0x12B)
[0908/162202.987:ERROR:process_memory_win.cc(73)] ReadMemory at 0x1de80f000 of 6024 bytes failed: 仅完成部分的 ReadProcessMemory 或 WriteProcessMemory 请求。 (0x12B)
[0908/162202.988:ERROR:process_memory_win.cc(73)] ReadMemory at 0x1de811000 of 6024 bytes failed: 仅完成部分的 ReadProcessMemory 或 WriteProcessMemory 请求。 (0x12B)
[0908/162202.988:ERROR:process_memory_win.cc(73)] ReadMemory at 0x1de813000 of 6024 bytes failed: 仅完成部分的 ReadProcessMemory 或 WriteProcessMemory 请求。 (0x12B)
[0908/162202.988:ERROR:process_memory_win.cc(73)] ReadMemory at 0x1de815000 of 6024 bytes failed: 仅完成部分的 ReadProcessMemory 或 WriteProcessMemory 请求。 (0x12B)
[0908/162202.988:ERROR:process_memory_win.cc(73)] ReadMemory at 0x1de817000 of 6024 bytes failed: 仅完成部分的 ReadProcessMemory 或 WriteProcessMemory 请求。 (0x12B)
[0908/162202.988:ERROR:process_memory_win.cc(73)] ReadMemory at 0x1de819000 of 6024 bytes failed: 仅完成部分的 ReadProcessMemory 或 WriteProcessMemory 请求。 (0x12B)
[0908/162202.988:ERROR:process_memory_win.cc(73)] ReadMemory at 0x1de81d000 of 6024 bytes failed: 仅完成部分的 ReadProcessMemory 或 WriteProcessMemory 请求。 (0x12B)
[0908/162202.988:ERROR:process_memory_win.cc(73)] ReadMemory at 0x1de81f000 of 6024 bytes failed: 仅完成部分的 ReadProcessMemory 或 WriteProcessMemory 请求。 (0x12B)
[0908/162202.988:ERROR:process_memory_win.cc(73)] ReadMemory at 0x1de821000 of 6024 bytes failed: 仅完成部分的 ReadProcessMemory 或 WriteProcessMemory 请求。 (0x12B)
[0908/162202.988:ERROR:process_memory_win.cc(73)] ReadMemory at 0x1de823000 of 6024 bytes failed: 仅完成部分的 ReadProcessMemory 或 WriteProcessMemory 请求。 (0x12B)
[0908/162202.988:ERROR:process_memory_win.cc(73)] ReadMemory at 0x1de825000 of 6024 bytes failed: 仅完成部分的 ReadProcessMemory 或 WriteProcessMemory 请求。 (0x12B)
[0908/162202.989:ERROR:process_memory_win.cc(73)] ReadMemory at 0x1de827000 of 6024 bytes failed: 仅完成部分的 ReadProcessMemory 或 WriteProcessMemory 请求。 (0x12B)
[0908/162202.989:ERROR:process_memory_win.cc(73)] ReadMemory at 0x1de829000 of 6024 bytes failed: 仅完成部分的 ReadProcessMemory 或 WriteProcessMemory 请求。 (0x12B)
[0908/162202.989:ERROR:process_memory_win.cc(73)] ReadMemory at 0x124ab400000 of 384 bytes failed: 仅完成部分的 ReadProcessMemory 或 WriteProcessMemory 请求。 (0x12B)
[0908/162202.989:ERROR:process_memory_win.cc(73)] ReadMemory at 0x124ab400fe0 of 5420 bytes failed: 仅完成部分的 ReadProcessMemory 或 WriteProcessMemory 请求。 (0x12B)
[0908/162202.989:ERROR:process_memory_win.cc(73)] ReadMemory at 0x124ab402520 of 1012 bytes failed: 仅完成部分的 ReadProcessMemory 或 WriteProcessMemory 请求。 (0x12B)
[0908/162202.989:ERROR:process_memory_win.cc(73)] ReadMemory at 0x124ab402b68 of 118 bytes failed: 仅完成部分的 ReadProcessMemory 或 WriteProcessMemory 请求。 (0x12B)
[0908/162202.989:ERROR:process_memory_win.cc(73)] ReadMemory at 0x124ab402be0 of 1168 bytes failed: 仅完成部分的 ReadProcessMemory 或 WriteProcessMemory 请求。 (0x12B)
[0908/162202.990:ERROR:process_memory_win.cc(73)] ReadMemory at 0x124ab403072 of 118 bytes failed: 仅完成部分的 ReadProcessMemory 或 WriteProcessMemory 请求。 (0x12B)
[0908/162202.990:ERROR:process_memory_win.cc(73)] ReadMemory at 0x124ab4030ea of 98 bytes failed: 仅完成部分的 ReadProcessMemory 或 WriteProcessMemory 请求。 (0x12B)
[0908/162202.990:ERROR:process_memory_win.cc(73)] ReadMemory at 0x124ab403160 of 58 bytes failed: 仅完成部分的 ReadProcessMemory 或 WriteProcessMemory 请求。 (0x12B)
[0908/162202.990:ERROR:process_memory_win.cc(73)] ReadMemory at 0x124ab403260 of 132 bytes failed: 仅完成部分的 ReadProcessMemory 或 WriteProcessMemory 请求。 (0x12B)
[0908/162202.990:ERROR:process_memory_win.cc(73)] ReadMemory at 0x124ab4033f0 of 132 bytes failed: 仅完成部分的 ReadProcessMemory 或 WriteProcessMemory 请求。 (0x12B)
[0908/162202.990:ERROR:process_memory_win.cc(73)] ReadMemory at 0x124ab4035b0 of 124 bytes failed: 仅完成部分的 ReadProcessMemory 或 WriteProcessMemory 请求。 (0x12B)
[0908/162202.990:ERROR:process_memory_win.cc(73)] ReadMemory at 0x124ab403990 of 132 bytes failed: 仅完成部分的 ReadProcessMemory 或 WriteProcessMemory 请求。 (0x12B)
[0908/162202.990:ERROR:process_memory_win.cc(73)] ReadMemory at 0x124ab403b20 of 64 bytes failed: 仅完成部分的 ReadProcessMemory 或 WriteProcessMemory 请求。 (0x12B)
[0908/162202.990:ERROR:process_memory_win.cc(73)] ReadMemory at 0x124ab403ce0 of 132 bytes failed: 仅完成部分的 ReadProcessMemory 或 WriteProcessMemory 请求。 (0x12B)
[0908/162202.990:ERROR:process_memory_win.cc(73)] ReadMemory at 0x124ab403fa0 of 132 bytes failed: 仅完成部分的 ReadProcessMemory 或 WriteProcessMemory 请求。 (0x12B)
[0908/162202.991:ERROR:process_memory_win.cc(73)] ReadMemory at 0x124ab404130 of 68 bytes failed: 仅完成部分的 ReadProcessMemory 或 WriteProcessMemory 请求。 (0x12B)
[0908/162202.991:ERROR:process_memory_win.cc(73)] ReadMemory at 0x124ab405270 of 132 bytes failed: 仅完成部分的 ReadProcessMemory 或 WriteProcessMemory 请求。 (0x12B)
[0908/162202.991:ERROR:process_memory_win.cc(73)] ReadMemory at 0x124ab4053a0 of 152 bytes failed: 仅完成部分的 ReadProcessMemory 或 WriteProcessMemory 请求。 (0x12B)
[0908/162202.991:ERROR:process_memory_win.cc(73)] ReadMemory at 0x124ab406160 of 60 bytes failed: 仅完成部分的 ReadProcessMemory 或 WriteProcessMemory 请求。 (0x12B)
[0908/162202.991:ERROR:process_memory_win.cc(73)] ReadMemory at 0x124ab4061f0 of 62 bytes failed: 仅完成部分的 ReadProcessMemory 或 WriteProcessMemory 请求。 (0x12B)
[0908/162202.991:ERROR:process_memory_win.cc(73)] ReadMemory at 0x124ab4063e0 of 132 bytes failed: 仅完成部分的 ReadProcessMemory 或 WriteProcessMemory 请求。 (0x12B)
[0908/162202.991:ERROR:process_memory_win.cc(73)] ReadMemory at 0x124ab413bf0 of 132 bytes failed: 仅完成部分的 ReadProcessMemory 或 WriteProcessMemory 请求。 (0x12B)
[0908/162202.991:ERROR:process_memory_win.cc(73)] ReadMemory at 0x124ab414230 of 132 bytes failed: 仅完成部分的 ReadProcessMemory 或 WriteProcessMemory 请求。 (0x12B)
[0908/162202.991:ERROR:process_memory_win.cc(73)] ReadMemory at 0x124ab414360 of 132 bytes failed: 仅完成部分的 ReadProcessMemory 或 WriteProcessMemory 请求。 (0x12B)
[0908/162202.991:ERROR:process_memory_win.cc(73)] ReadMemory at 0x124ab417f40 of 132 bytes failed: 仅完成部分的 ReadProcessMemory 或 WriteProcessMemory 请求。 (0x12B)
[0908/162202.991:ERROR:process_memory_win.cc(73)] ReadMemory at 0x124ab418070 of 144 bytes failed: 仅完成部分的 ReadProcessMemory 或 WriteProcessMemory 请求。 (0x12B)
[0908/162202.992:ERROR:process_memory_win.cc(73)] ReadMemory at 0x124ab419620 of 132 bytes failed: 仅完成部分的 ReadProcessMemory 或 WriteProcessMemory 请求。 (0x12B)
[0908/162202.992:ERROR:process_memory_win.cc(73)] ReadMemory at 0x124ab41a120 of 62 bytes failed: 仅完成部分的 ReadProcessMemory 或 WriteProcessMemory 请求。 (0x12B)
[0908/162202.992:ERROR:process_memory_win.cc(73)] ReadMemory at 0x124ab41a170 of 64 bytes failed: 仅完成部分的 ReadProcessMemory 或 WriteProcessMemory 请求。 (0x12B)
[0908/162202.992:ERROR:process_memory_win.cc(73)] ReadMemory at 0x124ab41a210 of 62 bytes failed: 仅完成部分的 ReadProcessMemory 或 WriteProcessMemory 请求。 (0x12B)
[0908/162202.992:ERROR:process_memory_win.cc(73)] ReadMemory at 0x124ab41a260 of 64 bytes failed: 仅完成部分的 ReadProcessMemory 或 WriteProcessMemory 请求。 (0x12B)
[0908/162202.992:ERROR:process_memory_win.cc(73)] ReadMemory at 0x124ab41a350 of 64 bytes failed: 仅完成部分的 ReadProcessMemory 或 WriteProcessMemory 请求。 (0x12B)
[0908/162202.992:ERROR:process_memory_win.cc(73)] ReadMemory at 0x124ab41a3a0 of 64 bytes failed: 仅完成部分的 ReadProcessMemory 或 WriteProcessMemory 请求。 (0x12B)
[0908/162202.992:ERROR:process_memory_win.cc(73)] ReadMemory at 0x124ab41a3f0 of 62 bytes failed: 仅完成部分的 ReadProcessMemory 或 WriteProcessMemory 请求。 (0x12B)
[0908/162202.992:ERROR:process_memory_win.cc(73)] ReadMemory at 0x124ab41a4e0 of 60 bytes failed: 仅完成部分的 ReadProcessMemory 或 WriteProcessMemory 请求。 (0x12B)
[0908/162202.992:ERROR:process_memory_win.cc(73)] ReadMemory at 0x124ab41a530 of 62 bytes failed: 仅完成部分的 ReadProcessMemory 或 WriteProcessMemory 请求。 (0x12B)
[0908/162202.993:ERROR:process_memory_win.cc(73)] ReadMemory at 0x124ab41a580 of 62 bytes failed: 仅完成部分的 ReadProcessMemory 或 WriteProcessMemory 请求。 (0x12B)
[0908/162202.993:ERROR:process_memory_win.cc(73)] ReadMemory at 0x124ab41a5d0 of 62 bytes failed: 仅完成部分的 ReadProcessMemory 或 WriteProcessMemory 请求。 (0x12B)
[0908/162202.993:ERROR:process_memory_win.cc(73)] ReadMemory at 0x124ab41a620 of 64 bytes failed: 仅完成部分的 ReadProcessMemory 或 WriteProcessMemory 请求。 (0x12B)
[0908/162202.993:ERROR:process_memory_win.cc(73)] ReadMemory at 0x124ab41a6c0 of 60 bytes failed: 仅完成部分的 ReadProcessMemory 或 WriteProcessMemory 请求。 (0x12B)
[0908/162202.993:ERROR:process_memory_win.cc(73)] ReadMemory at 0x124ab41a710 of 62 bytes failed: 仅完成部分的 ReadProcessMemory 或 WriteProcessMemory 请求。 (0x12B)
[0908/162202.993:ERROR:process_memory_win.cc(73)] ReadMemory at 0x124ab41a850 of 64 bytes failed: 仅完成部分的 ReadProcessMemory 或 WriteProcessMemory 请求。 (0x12B)
[0908/162202.993:ERROR:process_memory_win.cc(73)] ReadMemory at 0x124ab41a8a0 of 62 bytes failed: 仅完成部分的 ReadProcessMemory 或 WriteProcessMemory 请求。 (0x12B)
[0908/162202.993:ERROR:process_memory_win.cc(73)] ReadMemory at 0x124ab41a940 of 62 bytes failed: 仅完成部分的 ReadProcessMemory 或 WriteProcessMemory 请求。 (0x12B)
[0908/162202.993:ERROR:process_memory_win.cc(73)] ReadMemory at 0x124ab41a990 of 58 bytes failed: 仅完成部分的 ReadProcessMemory 或 WriteProcessMemory 请求。 (0x12B)
[0908/162202.993:ERROR:process_memory_win.cc(73)] ReadMemory at 0x124ab41ab20 of 60 bytes failed: 仅完成部分的 ReadProcessMemory 或 WriteProcessMemory 请求。 (0x12B)
[0908/162202.993:ERROR:process_memory_win.cc(73)] ReadMemory at 0x124ab41ab70 of 64 bytes failed: 仅完成部分的 ReadProcessMemory 或 WriteProcessMemory 请求。 (0x12B)
[0908/162202.994:ERROR:process_memory_win.cc(73)] ReadMemory at 0x124ab41ad50 of 66 bytes failed: 仅完成部分的 ReadProcessMemory 或 WriteProcessMemory 请求。 (0x12B)
[0908/162202.994:ERROR:process_memory_win.cc(73)] ReadMemory at 0x124ab420790 of 132 bytes failed: 仅完成部分的 ReadProcessMemory 或 WriteProcessMemory 请求。 (0x12B)
[0908/162202.994:ERROR:process_memory_win.cc(73)] ReadMemory at 0x124ab4209b0 of 132 bytes failed: 仅完成部分的 ReadProcessMemory 或 WriteProcessMemory 请求。 (0x12B)
[0908/162202.994:ERROR:process_memory_win.cc(73)] ReadMemory at 0x124ab420d00 of 132 bytes failed: 仅完成部分的 ReadProcessMemory 或 WriteProcessMemory 请求。 (0x12B)
[0908/162202.994:ERROR:process_memory_win.cc(73)] ReadMemory at 0x124ab420f10 of 132 bytes failed: 仅完成部分的 ReadProcessMemory 或 WriteProcessMemory 请求。 (0x12B)
[0908/162202.994:ERROR:process_memory_win.cc(73)] ReadMemory at 0x124ab421450 of 80 bytes failed: 仅完成部分的 ReadProcessMemory 或 WriteProcessMemory 请求。 (0x12B)
[0908/162202.994:ERROR:process_memory_win.cc(73)] ReadMemory at 0x124ab421c90 of 80 bytes failed: 仅完成部分的 ReadProcessMemory 或 WriteProcessMemory 请求。 (0x12B)
[0908/162202.994:ERROR:process_memory_win.cc(73)] ReadMemory at 0x124ab422650 of 132 bytes failed: 仅完成部分的 ReadProcessMemory 或 WriteProcessMemory 请求。 (0x12B)
[0908/162202.994:ERROR:process_memory_win.cc(73)] ReadMemory at 0x124ab422780 of 132 bytes failed: 仅完成部分的 ReadProcessMemory 或 WriteProcessMemory 请求。 (0x12B)
[0908/162202.994:ERROR:process_memory_win.cc(73)] ReadMemory at 0x124ab4228b0 of 132 bytes failed: 仅完成部分的 ReadProcessMemory 或 WriteProcessMemory 请求。 (0x12B)
[0908/162202.994:ERROR:process_memory_win.cc(73)] ReadMemory at 0x124ab4229e0 of 132 bytes failed: 仅完成部分的 ReadProcessMemory 或 WriteProcessMemory 请求。 (0x12B)
[0908/162202.995:ERROR:process_memory_win.cc(73)] ReadMemory at 0x124ab422b10 of 132 bytes failed: 仅完成部分的 ReadProcessMemory 或 WriteProcessMemory 请求。 (0x12B)
[0908/162202.995:ERROR:process_memory_win.cc(73)] ReadMemory at 0x124ab422c40 of 132 bytes failed: 仅完成部分的 ReadProcessMemory 或 WriteProcessMemory 请求。 (0x12B)
[0908/162202.995:ERROR:process_memory_win.cc(73)] ReadMemory at 0x124ab422d70 of 132 bytes failed: 仅完成部分的 ReadProcessMemory 或 WriteProcessMemory 请求。 (0x12B)
[0908/162202.995:ERROR:process_memory_win.cc(73)] ReadMemory at 0x124ab422ea0 of 132 bytes failed: 仅完成部分的 ReadProcessMemory 或 WriteProcessMemory 请求。 (0x12B)
[0908/162202.995:ERROR:process_memory_win.cc(73)] ReadMemory at 0x124ab422fd0 of 132 bytes failed: 仅完成部分的 ReadProcessMemory 或 WriteProcessMemory 请求。 (0x12B)
[0908/162202.995:ERROR:process_memory_win.cc(73)] ReadMemory at 0x124ab423100 of 132 bytes failed: 仅完成部分的 ReadProcessMemory 或 WriteProcessMemory 请求。 (0x12B)
[0908/162202.995:ERROR:process_memory_win.cc(73)] ReadMemory at 0x124ab423230 of 132 bytes failed: 仅完成部分的 ReadProcessMemory 或 WriteProcessMemory 请求。 (0x12B)
[0908/162202.995:ERROR:process_memory_win.cc(73)] ReadMemory at 0x124ab423360 of 132 bytes failed: 仅完成部分的 ReadProcessMemory 或 WriteProcessMemory 请求。 (0x12B)
[0908/162202.995:ERROR:process_memory_win.cc(73)] ReadMemory at 0x124ab423490 of 132 bytes failed: 仅完成部分的 ReadProcessMemory 或 WriteProcessMemory 请求。 (0x12B)
[0908/162202.995:ERROR:process_memory_win.cc(73)] ReadMemory at 0x124ab424ff0 of 132 bytes failed: 仅完成部分的 ReadProcessMemory 或 WriteProcessMemory 请求。 (0x12B)
[0908/162202.995:ERROR:process_memory_win.cc(73)] ReadMemory at 0x124ab425120 of 132 bytes failed: 仅完成部分的 ReadProcessMemory 或 WriteProcessMemory 请求。 (0x12B)
[0908/162202.996:ERROR:process_memory_win.cc(73)] ReadMemory at 0x124ab425250 of 132 bytes failed: 仅完成部分的 ReadProcessMemory 或 WriteProcessMemory 请求。 (0x12B)
[0908/162202.996:ERROR:process_memory_win.cc(73)] ReadMemory at 0x124ab425380 of 132 bytes failed: 仅完成部分的 ReadProcessMemory 或 WriteProcessMemory 请求。 (0x12B)
[0908/162202.996:ERROR:process_memory_win.cc(73)] ReadMemory at 0x124ab425710 of 132 bytes failed: 仅完成部分的 ReadProcessMemory 或 WriteProcessMemory 请求。 (0x12B)
[0908/162202.996:ERROR:process_memory_win.cc(73)] ReadMemory at 0x124ab4261c0 of 132 bytes failed: 仅完成部分的 ReadProcessMemory 或 WriteProcessMemory 请求。 (0x12B)
[0908/162202.996:ERROR:process_memory_win.cc(73)] ReadMemory at 0x124ab4262f0 of 132 bytes failed: 仅完成部分的 ReadProcessMemory 或 WriteProcessMemory 请求。 (0x12B)
[0908/162202.996:ERROR:process_memory_win.cc(73)] ReadMemory at 0x124ab426420 of 132 bytes failed: 仅完成部分的 ReadProcessMemory 或 WriteProcessMemory 请求。 (0x12B)
[0908/162202.996:ERROR:process_memory_win.cc(73)] ReadMemory at 0x124ab4267b0 of 132 bytes failed: 仅完成部分的 ReadProcessMemory 或 WriteProcessMemory 请求。 (0x12B)
[0908/162202.996:ERROR:process_memory_win.cc(73)] ReadMemory at 0x124ab4268e0 of 132 bytes failed: 仅完成部分的 ReadProcessMemory 或 WriteProcessMemory 请求。 (0x12B)
[0908/162202.996:ERROR:process_memory_win.cc(73)] ReadMemory at 0x124ab426a10 of 132 bytes failed: 仅完成部分的 ReadProcessMemory 或 WriteProcessMemory 请求。 (0x12B)
[0908/162202.996:ERROR:process_memory_win.cc(73)] ReadMemory at 0x124ab426b40 of 132 bytes failed: 仅完成部分的 ReadProcessMemory 或 WriteProcessMemory 请求。 (0x12B)
[0908/162202.997:ERROR:process_memory_win.cc(73)] ReadMemory at 0x124ab426c70 of 132 bytes failed: 仅完成部分的 ReadProcessMemory 或 WriteProcessMemory 请求。 (0x12B)
[0908/162202.997:ERROR:process_memory_win.cc(73)] ReadMemory at 0x124ab426da0 of 132 bytes failed: 仅完成部分的 ReadProcessMemory 或 WriteProcessMemory 请求。 (0x12B)
[0908/162202.997:ERROR:process_memory_win.cc(73)] ReadMemory at 0x124ab4300c0 of 60 bytes failed: 仅完成部分的 ReadProcessMemory 或 WriteProcessMemory 请求。 (0x12B)
[0908/162202.997:ERROR:process_memory_win.cc(73)] ReadMemory at 0x124ab4397d0 of 78 bytes failed: 仅完成部分的 ReadProcessMemory 或 WriteProcessMemory 请求。 (0x12B)
[0908/162202.997:ERROR:process_memory_win.cc(73)] ReadMemory at 0x124ab44eaa0 of 60 bytes failed: 仅完成部分的 ReadProcessMemory 或 WriteProcessMemory 请求。 (0x12B)
[0908/162202.997:ERROR:process_memory_win.cc(73)] ReadMemory at 0x124ab44eb40 of 62 bytes failed: 仅完成部分的 ReadProcessMemory 或 WriteProcessMemory 请求。 (0x12B)
[0908/162202.997:ERROR:process_memory_win.cc(73)] ReadMemory at 0x124ab44edc0 of 62 bytes failed: 仅完成部分的 ReadProcessMemory 或 WriteProcessMemory 请求。 (0x12B)
[0908/162202.998:ERROR:process_memory_win.cc(73)] ReadMemory at 0x124ab44f040 of 58 bytes failed: 仅完成部分的 ReadProcessMemory 或 WriteProcessMemory 请求。 (0x12B)
[0908/162202.998:ERROR:process_memory_win.cc(73)] ReadMemory at 0x124ab44f180 of 56 bytes failed: 仅完成部分的 ReadProcessMemory 或 WriteProcessMemory 请求。 (0x12B)
[0908/162202.998:ERROR:process_memory_win.cc(73)] ReadMemory at 0x124ab44f310 of 66 bytes failed: 仅完成部分的 ReadProcessMemory 或 WriteProcessMemory 请求。 (0x12B)
[0908/162202.998:ERROR:process_memory_win.cc(73)] ReadMemory at 0x124ab44f360 of 58 bytes failed: 仅完成部分的 ReadProcessMemory 或 WriteProcessMemory 请求。 (0x12B)
[0908/162202.998:ERROR:process_memory_win.cc(73)] ReadMemory at 0x124ab44f400 of 60 bytes failed: 仅完成部分的 ReadProcessMemory 或 WriteProcessMemory 请求。 (0x12B)
[0908/162202.998:ERROR:process_memory_win.cc(73)] ReadMemory at 0x124ab44f7c0 of 62 bytes failed: 仅完成部分的 ReadProcessMemory 或 WriteProcessMemory 请求。 (0x12B)
[0908/162202.998:ERROR:process_memory_win.cc(73)] ReadMemory at 0x124ab44f860 of 60 bytes failed: 仅完成部分的 ReadProcessMemory 或 WriteProcessMemory 请求。 (0x12B)
[0908/162202.998:ERROR:process_memory_win.cc(73)] ReadMemory at 0x124ab476c03 of 512 bytes failed: 仅完成部分的 ReadProcessMemory 或 WriteProcessMemory 请求。 (0x12B)
[0908/162202.998:ERROR:process_memory_win.cc(73)] ReadMemory at 0x124ab47b680 of 512 bytes failed: 仅完成部分的 ReadProcessMemory 或 WriteProcessMemory 请求。 (0x12B)
[0908/162202.998:ERROR:process_memory_win.cc(73)] ReadMemory at 0x124ab47c700 of 512 bytes failed: 仅完成部分的 ReadProcessMemory 或 WriteProcessMemory 请求。 (0x12B)
[0908/162202.998:ERROR:process_memory_win.cc(73)] ReadMemory at 0x124ab47d500 of 512 bytes failed: 仅完成部分的 ReadProcessMemory 或 WriteProcessMemory 请求。 (0x12B)
[0908/162202.998:ERROR:process_memory_win.cc(73)] ReadMemory at 0x124ab47d770 of 512 bytes failed: 仅完成部分的 ReadProcessMemory 或 WriteProcessMemory 请求。 (0x12B)
[0908/162202.999:ERROR:process_memory_win.cc(73)] ReadMemory at 0x124ab481070 of 512 bytes failed: 仅完成部分的 ReadProcessMemory 或 WriteProcessMemory 请求。 (0x12B)
[0908/162202.999:ERROR:process_memory_win.cc(73)] ReadMemory at 0x124ab4964e0 of 512 bytes failed: 仅完成部分的 ReadProcessMemory 或 WriteProcessMemory 请求。 (0x12B)
[0908/162202.999:ERROR:process_memory_win.cc(73)] ReadMemory at 0x124ab496f10 of 512 bytes failed: 仅完成部分的 ReadProcessMemory 或 WriteProcessMemory 请求。 (0x12B)
[0908/162202.999:ERROR:process_memory_win.cc(73)] ReadMemory at 0x124ab497f50 of 512 bytes failed: 仅完成部分的 ReadProcessMemory 或 WriteProcessMemory 请求。 (0x12B)
[0908/162202.999:ERROR:process_memory_win.cc(73)] ReadMemory at 0x124ab49a0b0 of 512 bytes failed: 仅完成部分的 ReadProcessMemory 或 WriteProcessMemory 请求。 (0x12B)
[0908/162202.999:ERROR:process_memory_win.cc(73)] ReadMemory at 0x124ab4a2cd0 of 712 bytes failed: 仅完成部分的 ReadProcessMemory 或 WriteProcessMemory 请求。 (0x12B)
[0908/162202.999:ERROR:process_memory_win.cc(73)] ReadMemory at 0x124ab4c43f0 of 512 bytes failed: 仅完成部分的 ReadProcessMemory 或 WriteProcessMemory 请求。 (0x12B)
[0908/162202.999:ERROR:process_memory_win.cc(73)] ReadMemory at 0x124ab4e3de0 of 512 bytes failed: 仅完成部分的 ReadProcessMemory 或 WriteProcessMemory 请求。 (0x12B)
[0908/162202.999:ERROR:process_memory_win.cc(73)] ReadMemory at 0x124ab540000 of 384 bytes failed: 仅完成部分的 ReadProcessMemory 或 WriteProcessMemory 请求。 (0x12B)
[0908/162202.999:ERROR:process_memory_win.cc(73)] ReadMemory at 0x124ab542d40 of 512 bytes failed: 仅完成部分的 ReadProcessMemory 或 WriteProcessMemory 请求。 (0x12B)
[0908/162202.999:ERROR:process_memory_win.cc(73)] ReadMemory at 0x124acf80000 of 384 bytes failed: 仅完成部分的 ReadProcessMemory 或 WriteProcessMemory 请求。 (0x12B)
[0908/162202.999:ERROR:process_memory_win.cc(73)] ReadMemory at 0x124acf816a0 of 512 bytes failed: 仅完成部分的 ReadProcessMemory 或 WriteProcessMemory 请求。 (0x12B)
[0908/162202.999:ERROR:process_memory_win.cc(73)] ReadMemory at 0x124acf85060 of 512 bytes failed: 仅完成部分的 ReadProcessMemory 或 WriteProcessMemory 请求。 (0x12B)
[0908/162202.999:ERROR:process_memory_win.cc(73)] ReadMemory at 0x124acf9c680 of 512 bytes failed: 仅完成部分的 ReadProcessMemory 或 WriteProcessMemory 请求。 (0x12B)
[0908/162202.999:ERROR:process_memory_win.cc(73)] ReadMemory at 0x124ad00d5c0 of 512 bytes failed: 仅完成部分的 ReadProcessMemory 或 WriteProcessMemory 请求。 (0x12B)
[0908/162203.000:ERROR:process_memory_win.cc(73)] ReadMemory at 0x124ad2d1460 of 512 bytes failed: 仅完成部分的 ReadProcessMemory 或 WriteProcessMemory 请求。 (0x12B)
[0908/162203.000:ERROR:process_memory_win.cc(73)] ReadMemory at 0x124ad415780 of 512 bytes failed: 仅完成部分的 ReadProcessMemory 或 WriteProcessMemory 请求。 (0x12B)
[0908/162203.000:ERROR:process_memory_win.cc(73)] ReadMemory at 0x124b6f3f690 of 512 bytes failed: 仅完成部分的 ReadProcessMemory 或 WriteProcessMemory 请求。 (0x12B)
[0908/162203.000:ERROR:process_memory_win.cc(73)] ReadMemory at 0x124b838bbb7 of 512 bytes failed: 仅完成部分的 ReadProcessMemory 或 WriteProcessMemory 请求。 (0x12B)
[0908/162203.000:ERROR:process_memory_win.cc(73)] ReadMemory at 0x124b839af80 of 512 bytes failed: 仅完成部分的 ReadProcessMemory 或 WriteProcessMemory 请求。 (0x12B)
[0908/162203.000:ERROR:process_memory_win.cc(73)] ReadMemory at 0x124b85d33d0 of 512 bytes failed: 仅完成部分的 ReadProcessMemory 或 WriteProcessMemory 请求。 (0x12B)
[0908/162203.000:ERROR:process_memory_win.cc(73)] ReadMemory at 0x124b89b5a10 of 512 bytes failed: 仅完成部分的 ReadProcessMemory 或 WriteProcessMemory 请求。 (0x12B)
[0908/162203.000:ERROR:process_memory_win.cc(73)] ReadMemory at 0x124b89b65b3 of 512 bytes failed: 仅完成部分的 ReadProcessMemory 或 WriteProcessMemory 请求。 (0x12B)
[0908/162203.000:ERROR:process_memory_win.cc(73)] ReadMemory at 0x124b89b7cfb of 512 bytes failed: 仅完成部分的 ReadProcessMemory 或 WriteProcessMemory 请求。 (0x12B)
[0908/162203.001:ERROR:process_memory_win.cc(73)] ReadMemory at 0x124b9a61450 of 512 bytes failed: 仅完成部分的 ReadProcessMemory 或 WriteProcessMemory 请求。 (0x12B)
[0908/162203.001:ERROR:process_memory_win.cc(73)] ReadMemory at 0x124b9a84710 of 560 bytes failed: 仅完成部分的 ReadProcessMemory 或 WriteProcessMemory 请求。 (0x12B)
[0908/162203.001:ERROR:process_memory_win.cc(73)] ReadMemory at 0x124b9b59580 of 512 bytes failed: 仅完成部分的 ReadProcessMemory 或 WriteProcessMemory 请求。 (0x12B)
[0908/162203.001:ERROR:process_memory_win.cc(73)] ReadMemory at 0x124b9bfc120 of 512 bytes failed: 仅完成部分的 ReadProcessMemory 或 WriteProcessMemory 请求。 (0x12B)
[0908/162203.001:ERROR:process_memory_win.cc(73)] ReadMemory at 0x124b9bfd7a0 of 512 bytes failed: 仅完成部分的 ReadProcessMemory 或 WriteProcessMemory 请求。 (0x12B)
[0908/162203.001:ERROR:process_memory_win.cc(73)] ReadMemory at 0x7ffb0b138c87 of 512 bytes failed: 仅完成部分的 ReadProcessMemory 或 WriteProcessMemory 请求。 (0x12B)
[0908/162203.001:ERROR:process_memory_win.cc(73)] ReadMemory at 0x7ffb5dd23dc9 of 512 bytes failed: 仅完成部分的 ReadProcessMemory 或 WriteProcessMemory 请求。 (0x12B)
[0908/162203.001:ERROR:process_memory_win.cc(73)] ReadMemory at 0x7ffb5df8c738 of 512 bytes failed: 仅完成部分的 ReadProcessMemory 或 WriteProcessMemory 请求。 (0x12B)
[0908/162203.001:ERROR:process_memory_win.cc(73)] ReadMemory at 0x7ffb5eb149f0 of 512 bytes failed: 仅完成部分的 ReadProcessMemory 或 WriteProcessMemory 请求。 (0x12B)
[0908/162203.002:ERROR:process_memory_win.cc(73)] ReadMemory at 0x7ffb60125c62 of 575 bytes failed: 仅完成部分的 ReadProcessMemory 或 WriteProcessMemory 请求。 (0x12B)
[0908/162203.002:ERROR:process_memory_win.cc(73)] ReadMemory at 0x7ffb601abdc4 of 672 bytes failed: 仅完成部分的 ReadProcessMemory 或 WriteProcessMemory 请求。 (0x12B)
[0908/162203.002:ERROR:process_memory_win.cc(73)] ReadMemory at 0x7ffb601ac3c4 of 512 bytes failed: 仅完成部分的 ReadProcessMemory 或 WriteProcessMemory 请求。 (0x12B)
[0908/162203.002:ERROR:process_memory_win.cc(73)] ReadMemory at 0x7ffb601af734 of 608 bytes failed: 仅完成部分的 ReadProcessMemory 或 WriteProcessMemory 请求。 (0x12B)
[0908/162203.002:ERROR:process_memory_win.cc(73)] ReadMemory at 0x7ffb602406e0 of 18 bytes failed: 仅完成部分的 ReadProcessMemory 或 WriteProcessMemory 请求。 (0x12B)
[0908/162203.002:ERROR:process_memory_win.cc(73)] ReadMemory at 0x7ffb602744f8 of 40 bytes failed: 仅完成部分的 ReadProcessMemory 或 WriteProcessMemory 请求。 (0x12B)
[0908/162203.002:ERROR:process_memory_win.cc(73)] ReadMemory at 0x7ffb60274978 of 48 bytes failed: 仅完成部分的 ReadProcessMemory 或 WriteProcessMemory 请求。 (0x12B)
[0908/162203.002:ERROR:process_memory_win.cc(73)] ReadMemory at 0x7ffb6027a4c0 of 64 bytes failed: 仅完成部分的 ReadProcessMemory 或 WriteProcessMemory 请求。 (0x12B)
[0908/162203.005:ERROR:scoped_process_suspend.cc(40)] NtResumeProcess: 已尝试访问正在退出的过程。 (0xc000010a)
[0908/162224.101:ERROR:http_transport_win.cc(276)] WinHttpSendRequest: 操作成功完成。 (0x0)
